<?xml version='1.0' encoding='UTF-8'?>
<dataset>
  <SS_USER ID="1" CREATETIME="2009-07-11 08:52:25.805" EMAIL="admin@springside.org.cn" LOGINNAME="admin" NAME="Admin" PLAINPASSWORD="admin" STATUS="enabled"/>
  <SS_USER ID="2" CREATETIME="2009-07-11 08:52:25.805" EMAIL="user@springside.org.cn" LOGINNAME="user" NAME="Calvin" PLAINPASSWORD="user" STATUS="enabled"/>
  <SS_USER ID="3" CREATETIME="2009-07-11 08:52:25.805" EMAIL="jack@springside.org.cn" LOGINNAME="user2" NAME="Jack" PLAINPASSWORD="user2" STATUS="enabled"/>
  <SS_USER ID="4" CREATETIME="2009-07-11 08:52:25.805" EMAIL="kate@springside.org.cn" LOGINNAME="user3" NAME="Kate" PLAINPASSWORD="user3" STATUS="enabled"/>
  <SS_USER ID="5" CREATETIME="2009-07-11 08:52:25.805" EMAIL="sawyer@springside.org.cn" LOGINNAME="user4" NAME="Sawyer" PLAINPASSWORD="user4" STATUS="enabled"/>
  <SS_USER ID="6" CREATETIME="2009-07-11 08:52:25.805" EMAIL="ben@springside.org.cn" LOGINNAME="user5" NAME="Ben" PLAINPASSWORD="user5" STATUS="enabled"/>
  <SS_ROLE ID="1" NAME="Admin"/>
  <SS_ROLE ID="2" NAME="User"/>
  <SS_USER_ROLE USER_ID="1" ROLE_ID="1"/>
  <SS_USER_ROLE USER_ID="1" ROLE_ID="2"/>
  <SS_USER_ROLE USER_ID="2" ROLE_ID="2"/>
  <SS_USER_ROLE USER_ID="3" ROLE_ID="2"/>
  <SS_USER_ROLE USER_ID="4" ROLE_ID="2"/>
  <SS_USER_ROLE USER_ID="5" ROLE_ID="2"/>
  <SS_USER_ROLE USER_ID="6" ROLE_ID="2"/>
</dataset>
